
[baseline] joint sweep: 1,326 weights × 7 k × 6 a = 55,692 configs
    0/1326  (0s)
    200/1326  (21s)
    400/1326  (41s)
    600/1326  (61s)
    800/1326  (80s)
    1000/1326  (99s)
    1200/1326  (118s)
  done: 55,692 non-empty configs in 129s

[baseline] reasonable configs (all 8 folds, min_fold_n>=30): 31,392 / 55,692

[baseline] frontier — best config per trades/yr band (by pooled return & by ex-2020 return):
    band         by    k    a  w_xgb  w_lstm  w_cnn  trades_yr  min_fold_n  winrate  avg_ret  ret_ex2020  worst_fold_ret  pos_folds  pct_2020
 100-250    avg_ret  5.0 0.65   0.44    0.06   0.50    209.000        32.0   42.644    1.084      -0.307          -2.533        5.0    10.825
 100-250 ret_ex2020  5.0 0.65   0.44    0.06   0.50    209.000        32.0   42.644    1.084      -0.307          -2.533        5.0    10.825
 250-500    avg_ret 30.0 0.65   0.44    0.06   0.50    401.500        32.0   47.572    4.200       0.695          -1.899        6.0    16.314
 250-500 ret_ex2020 30.0 0.60   0.50    0.08   0.42    497.375        30.0   48.077    3.941       0.819          -1.957        6.0    14.878
500-1500    avg_ret 30.0 0.60   0.48    0.10   0.42    500.875        33.0   47.791    3.829       0.746          -2.018        6.0    14.699
500-1500 ret_ex2020 30.0 0.55   0.60    0.06   0.34    638.875        30.0   48.229    3.592       1.068          -1.858        7.0    13.363
  1500-∞    avg_ret 30.0 0.45   0.22    0.60   0.18   1517.500       251.0   40.906    1.227      -0.028          -2.923        6.0     8.476
  1500-∞ ret_ex2020 30.0 0.45   0.20    0.62   0.18   1543.375       265.0   40.836    1.211      -0.015          -2.870        6.0     8.431

[baseline] ★ MAX pooled return (trades/yr>=50):
    weights=(0.44,0.06,0.50)  k=30  a=0.65  trades/yr=402  min_fold_n=32
    winrate=47.6%  avg_ret=4.20%  ret_ex2020=0.70%  worst_fold=-1.90%  pos_folds=6/8  pct_2020=16%

[baseline] ◆ ROBUST: MAX return excluding 2020:
    weights=(0.60,0.06,0.34)  k=30  a=0.55  trades/yr=639  min_fold_n=30
    winrate=48.2%  avg_ret=3.59%  ret_ex2020=1.07%  worst_fold=-1.86%  pos_folds=7/8  pct_2020=13%

[baseline] (contrast) max avg_ret, NO constraints → trap: k=3 a=0.65 w=(0.50,0.48,0.02)  avg_ret=67.5%  trades/yr=1.0  min_fold_n=2  pct_2020=75%

[youtube] joint sweep: 1,326 weights × 7 k × 6 a = 55,692 configs
    0/1326  (0s)
    200/1326  (21s)
    400/1326  (41s)
    600/1326  (61s)
    800/1326  (80s)
    1000/1326  (99s)
    1200/1326  (117s)
  done: 55,524 non-empty configs in 129s

[youtube] reasonable configs (all 8 folds, min_fold_n>=30): 30,477 / 55,524

[youtube] frontier — best config per trades/yr band (by pooled return & by ex-2020 return):
    band         by    k    a  w_xgb  w_lstm  w_cnn  trades_yr  min_fold_n  winrate  avg_ret  ret_ex2020  worst_fold_ret  pos_folds  pct_2020
 100-250    avg_ret 15.0 0.60   0.14    0.46   0.40    243.625        30.0   43.766    2.972      -0.840          -3.516        4.0    17.086
 100-250 ret_ex2020  3.0 0.55   0.30    0.36   0.34    202.625        42.0   42.381    0.622      -0.669          -3.437        5.0    13.634
 250-500    avg_ret 30.0 0.65   0.28    0.20   0.52    427.500        31.0   46.520    4.359      -0.389          -5.892        3.0    25.322
 250-500 ret_ex2020 20.0 0.60   0.38    0.18   0.44    484.125        30.0   46.682    3.188      -0.115          -6.049        3.0    20.501
500-1500    avg_ret 30.0 0.60   0.38    0.18   0.44    521.000        30.0   47.361    3.899      -0.047          -6.049        4.0    22.337
500-1500 ret_ex2020 30.0 0.60   0.38    0.18   0.44    521.000        30.0   47.361    3.899      -0.047          -6.049        4.0    22.337
  1500-∞    avg_ret 30.0 0.45   0.68    0.10   0.22   1506.750        84.0   42.973    1.281      -0.430          -2.774        4.0    14.916
  1500-∞ ret_ex2020 30.0 0.45   0.68    0.10   0.22   1506.750        84.0   42.973    1.281      -0.430          -2.774        4.0    14.916

[youtube] ★ MAX pooled return (trades/yr>=50):
    weights=(0.28,0.20,0.52)  k=30  a=0.65  trades/yr=428  min_fold_n=31
    winrate=46.5%  avg_ret=4.36%  ret_ex2020=-0.39%  worst_fold=-5.89%  pos_folds=3/8  pct_2020=25%

[youtube] ◆ ROBUST: MAX return excluding 2020:
    weights=(0.38,0.18,0.44)  k=30  a=0.60  trades/yr=521  min_fold_n=30
    winrate=47.4%  avg_ret=3.90%  ret_ex2020=-0.05%  worst_fold=-6.05%  pos_folds=4/8  pct_2020=22%

[youtube] (contrast) max avg_ret, NO constraints → trap: k=7 a=0.65 w=(0.56,0.44,0.00)  avg_ret=62.8%  trades/yr=1.9  min_fold_n=15  pct_2020=100%
