
[baseline] joint sweep: 5,151 weights × 3 k × 4 a = 61,812 configs
    0/5151  (0s)
    200/5151  (16s)
    400/5151  (31s)
    600/5151  (47s)
    800/5151  (62s)
    1000/5151  (77s)
    1200/5151  (93s)
    1400/5151  (108s)
    1600/5151  (123s)
    1800/5151  (138s)
    2000/5151  (153s)
    2200/5151  (169s)
    2400/5151  (183s)
    2600/5151  (198s)
    2800/5151  (213s)
    3000/5151  (228s)
    3200/5151  (243s)
    3400/5151  (258s)
    3600/5151  (272s)
    3800/5151  (287s)
    4000/5151  (301s)
    4200/5151  (316s)
    4400/5151  (330s)
    4600/5151  (345s)
    4800/5151  (359s)
    5000/5151  (373s)
  done: 61,812 non-empty configs in 384s

[baseline] reasonable configs (all 8 folds, min_fold_n>=30): 25,431 / 61,812

[baseline] frontier — best config per trades/yr band (by pooled return & by ex-2020 return):
    band         by    k    a  w_xgb  w_lstm  w_cnn  trades_yr  min_fold_n  winrate  avg_ret  ret_ex2020  worst_fold_ret  pos_folds  pct_2020
 250-500    avg_ret 30.0 0.65   0.44    0.06   0.50    401.500        32.0   47.572    4.200       0.695          -1.899        6.0    16.314
 250-500 ret_ex2020 30.0 0.60   0.50    0.08   0.42    497.375        30.0   48.077    3.941       0.819          -1.957        6.0    14.878
500-1500    avg_ret 30.0 0.60   0.47    0.11   0.42    501.625        33.0   47.944    3.848       0.740          -1.991        6.0    14.652
500-1500 ret_ex2020 30.0 0.55   0.60    0.06   0.34    638.875        30.0   48.229    3.592       1.068          -1.858        7.0    13.363
  1500-∞    avg_ret 30.0 0.50   0.04    0.67   0.29   1502.750       498.0   38.937    0.822      -0.470          -2.886        4.0     8.809
  1500-∞ ret_ex2020 30.0 0.50   0.03    0.68   0.29   1512.375       506.0   38.921    0.819      -0.470          -2.875        4.0     8.819

[baseline] ★ MAX pooled return (trades/yr>=50):
    weights=(0.44,0.06,0.50)  k=30  a=0.65  trades/yr=402  min_fold_n=32
    winrate=47.6%  avg_ret=4.20%  ret_ex2020=0.70%  worst_fold=-1.90%  pos_folds=6/8  pct_2020=16%

[baseline] ◆ ROBUST: MAX return excluding 2020:
    weights=(0.60,0.06,0.34)  k=30  a=0.55  trades/yr=639  min_fold_n=30
    winrate=48.2%  avg_ret=3.59%  ret_ex2020=1.07%  worst_fold=-1.86%  pos_folds=7/8  pct_2020=13%

[baseline] (contrast) max avg_ret, NO constraints → trap: k=10 a=0.65 w=(0.49,0.49,0.02)  avg_ret=69.2%  trades/yr=0.9  min_fold_n=2  pct_2020=71%

[youtube] joint sweep: 5,151 weights × 3 k × 4 a = 61,812 configs
    0/5151  (0s)
    200/5151  (15s)
    400/5151  (31s)
    600/5151  (46s)
    800/5151  (62s)
    1000/5151  (77s)
    1200/5151  (92s)
    1400/5151  (107s)
    1600/5151  (122s)
    1800/5151  (138s)
    2000/5151  (153s)
    2200/5151  (168s)
    2400/5151  (183s)
    2600/5151  (197s)
    2800/5151  (212s)
    3000/5151  (227s)
    3200/5151  (242s)
    3400/5151  (256s)
    3600/5151  (271s)
    3800/5151  (286s)
    4000/5151  (300s)
    4200/5151  (314s)
    4400/5151  (329s)
    4600/5151  (343s)
    4800/5151  (357s)
    5000/5151  (371s)
  done: 61,545 non-empty configs in 382s

[youtube] reasonable configs (all 8 folds, min_fold_n>=30): 24,381 / 61,545

[youtube] frontier — best config per trades/yr band (by pooled return & by ex-2020 return):
    band         by    k    a  w_xgb  w_lstm  w_cnn  trades_yr  min_fold_n  winrate  avg_ret  ret_ex2020  worst_fold_ret  pos_folds  pct_2020
 100-250    avg_ret 20.0 0.65   0.07    0.44   0.49    248.500        31.0   41.348    2.694      -1.602          -3.735        3.0    19.215
 100-250 ret_ex2020 10.0 0.60   0.18    0.41   0.41    249.875        30.0   44.322    2.449      -0.427          -3.509        4.0    16.408
 250-500    avg_ret 30.0 0.65   0.29    0.19   0.52    426.750        31.0   46.690    4.424      -0.305          -5.892        3.0    25.483
 250-500 ret_ex2020 30.0 0.55   0.33    0.33   0.34    498.500        30.0   46.866    3.738      -0.074          -3.311        6.0    19.082
500-1500    avg_ret 30.0 0.65   0.37    0.10   0.53    506.000        32.0   47.456    4.119      -0.124          -5.323        3.0    25.074
500-1500 ret_ex2020 30.0 0.60   0.48    0.07   0.45    613.625        30.0   47.281    3.529      -0.015          -6.744        4.0    22.265
  1500-∞    avg_ret 30.0 0.50   0.59    0.09   0.32   1518.750       190.0   41.893    1.186      -0.626          -2.833        4.0    15.572
  1500-∞ ret_ex2020 30.0 0.50   0.59    0.09   0.32   1518.750       190.0   41.893    1.186      -0.626          -2.833        4.0    15.572

[youtube] ★ MAX pooled return (trades/yr>=50):
    weights=(0.29,0.19,0.52)  k=30  a=0.65  trades/yr=427  min_fold_n=31
    winrate=46.7%  avg_ret=4.42%  ret_ex2020=-0.31%  worst_fold=-5.89%  pos_folds=3/8  pct_2020=25%

[youtube] ◆ ROBUST: MAX return excluding 2020:
    weights=(0.48,0.07,0.45)  k=30  a=0.60  trades/yr=614  min_fold_n=30
    winrate=47.3%  avg_ret=3.53%  ret_ex2020=-0.01%  worst_fold=-6.74%  pos_folds=4/8  pct_2020=22%

[youtube] (contrast) max avg_ret, NO constraints → trap: k=10 a=0.65 w=(0.49,0.49,0.02)  avg_ret=77.4%  trades/yr=0.1  min_fold_n=1  pct_2020=100%
