mode=RANK-NORM (per-fold percentile)  k=[3, 5, 7, 10, 15, 20, 30]  a=[0.0, 0.7, 0.8, 0.85, 0.9, 0.95]

[baseline] joint sweep: 1,326 weights × 7 k × 6 a = 55,692 configs
    0/1326  (0s)
    200/1326  (20s)
    400/1326  (40s)
    600/1326  (60s)
    800/1326  (79s)
    1000/1326  (100s)
    1200/1326  (121s)
  done: 55,692 non-empty configs in 134s

[baseline] reasonable configs (all 8 folds, min_fold_n>=30): 55,692 / 55,692

[baseline] frontier — best config per trades/yr band (by pooled return & by ex-2020 return):
    band         by    k    a  w_xgb  w_lstm  w_cnn  trades_yr  min_fold_n  winrate  avg_ret  ret_ex2020  worst_fold_ret  pos_folds  pct_2020
  50-100    avg_ret  3.0 0.95   0.34    0.36   0.30     91.750        60.0   54.360    4.707       2.469          -0.860        6.0    14.305
  50-100 ret_ex2020  3.0 0.95   0.40    0.28   0.32     91.125        57.0   54.321    4.581       2.496          -0.941        7.0    14.403
 100-250    avg_ret 30.0 0.95   0.46    0.28   0.26    170.625        59.0   60.513    9.955       3.494          -1.524        7.0    28.791
 100-250 ret_ex2020 30.0 0.95   0.56    0.16   0.28    188.750        66.0   60.331    9.556       3.883          -0.966        7.0    27.219
 250-500    avg_ret 30.0 0.95   0.68    0.20   0.12    253.125       135.0   59.111    8.005       3.306          -1.128        7.0    22.519
 250-500 ret_ex2020 30.0 0.95   0.72    0.12   0.16    257.125       138.0   58.678    7.848       3.355          -0.877        7.0    22.314
500-1500    avg_ret 30.0 0.95   0.86    0.10   0.04    505.000       342.0   54.752    5.224       2.589          -1.751        7.0    13.317
500-1500 ret_ex2020 30.0 0.95   0.88    0.08   0.04    536.375       366.0   54.323    5.082       2.592          -1.611        7.0    12.724
  1500-∞    avg_ret 30.0 0.90   0.90    0.10   0.00   1522.250      1132.0   45.172    1.786       0.418          -2.321        4.0    11.537
  1500-∞ ret_ex2020 30.0 0.90   0.90    0.10   0.00   1522.250      1132.0   45.172    1.786       0.418          -2.321        4.0    11.537

[baseline] ★ MAX pooled return (trades/yr>=50):
    weights=(0.46,0.28,0.26)  k=30  a=0.95  trades/yr=171  min_fold_n=59
    winrate=60.5%  avg_ret=9.95%  ret_ex2020=3.49%  worst_fold=-1.52%  pos_folds=7/8  pct_2020=29%

[baseline] ◆ ROBUST: MAX return excluding 2020:
    weights=(0.56,0.16,0.28)  k=30  a=0.95  trades/yr=189  min_fold_n=66
    winrate=60.3%  avg_ret=9.56%  ret_ex2020=3.88%  worst_fold=-0.97%  pos_folds=7/8  pct_2020=27%

[baseline] (contrast) max avg_ret, NO constraints → trap: k=30 a=0.95 w=(0.46,0.28,0.26)  avg_ret=10.0%  trades/yr=170.6  min_fold_n=59  pct_2020=29%

[youtube] joint sweep: 1,326 weights × 7 k × 6 a = 55,692 configs
    0/1326  (0s)
    200/1326  (21s)
    400/1326  (42s)
    600/1326  (61s)
    800/1326  (81s)
    1000/1326  (101s)
    1200/1326  (121s)
  done: 55,692 non-empty configs in 133s

[youtube] reasonable configs (all 8 folds, min_fold_n>=30): 55,692 / 55,692

[youtube] frontier — best config per trades/yr band (by pooled return & by ex-2020 return):
    band         by    k    a  w_xgb  w_lstm  w_cnn  trades_yr  min_fold_n  winrate  avg_ret  ret_ex2020  worst_fold_ret  pos_folds  pct_2020
  50-100    avg_ret  3.0 0.95   0.46    0.24   0.30     84.500        55.0   52.811    3.437       1.124          -2.596        5.0    11.391
  50-100 ret_ex2020  3.0 0.95   0.50    0.22   0.28     86.500        59.0   52.890    3.371       1.181          -2.238        5.0    10.983
 100-250    avg_ret 30.0 0.95   0.44    0.20   0.36    155.125        72.0   57.051    7.381       1.992          -2.648        7.0    19.903
 100-250 ret_ex2020 30.0 0.95   0.68    0.08   0.24    243.000       124.0   56.173    6.883       2.237          -2.807        7.0    18.776
 250-500    avg_ret 30.0 0.95   0.70    0.08   0.22    251.375       130.0   55.992    6.751       2.148          -2.997        7.0    18.399
 250-500 ret_ex2020 30.0 0.95   0.84    0.06   0.10    387.375       246.0   56.018    5.595       2.445          -3.070        7.0    13.488
500-1500    avg_ret 30.0 0.95   0.88    0.08   0.04    506.875       355.0   54.057    4.815       2.235          -3.438        7.0    11.073
500-1500 ret_ex2020 30.0 0.95   0.88    0.08   0.04    506.875       355.0   54.057    4.815       2.235          -3.438        7.0    11.073
  1500-∞    avg_ret 30.0 0.90   0.90    0.10   0.00   1511.000      1187.0   44.854    1.682       0.269          -3.115        5.0    11.325
  1500-∞ ret_ex2020 30.0 0.90   0.90    0.10   0.00   1511.000      1187.0   44.854    1.682       0.269          -3.115        5.0    11.325

[youtube] ★ MAX pooled return (trades/yr>=50):
    weights=(0.44,0.20,0.36)  k=30  a=0.95  trades/yr=155  min_fold_n=72
    winrate=57.1%  avg_ret=7.38%  ret_ex2020=1.99%  worst_fold=-2.65%  pos_folds=7/8  pct_2020=20%

[youtube] ◆ ROBUST: MAX return excluding 2020:
    weights=(0.84,0.06,0.10)  k=30  a=0.95  trades/yr=387  min_fold_n=246
    winrate=56.0%  avg_ret=5.59%  ret_ex2020=2.45%  worst_fold=-3.07%  pos_folds=7/8  pct_2020=13%

[youtube] (contrast) max avg_ret, NO constraints → trap: k=30 a=0.95 w=(0.44,0.20,0.36)  avg_ret=7.4%  trades/yr=155.1  min_fold_n=72  pct_2020=20%
