weights=1,326 (step 0.02)  k=[10, 20, 30]  a=[0.0, 0.5, 0.55, 0.6, 0.65]  MIN_FOLD_N=30
    tensor 0/1326 (0s)
    tensor 200/1326 (16s)
    tensor 400/1326 (32s)
    tensor 600/1326 (47s)
    tensor 800/1326 (63s)
    tensor 1000/1326 (78s)
    tensor 1200/1326 (93s)
  tensor built in 103s

[baseline] WALK-FORWARD OOS (policy chosen on folds < Y, applied to Y):
 test_year  w_xgb  w_lstm  w_cnn  k    a    n  win%  avg_ret%  base%  rand_ret%  past_avg%
      2019   0.52    0.14   0.34 10 0.55  231  45.9      2.01   28.7      -2.36      11.97
      2020   0.60    0.06   0.34 30 0.55  683  63.7     19.95   46.0       2.45       5.53
      2021   0.44    0.06   0.50 30 0.65   48  27.1     -1.73   32.5      -1.60      18.37
      2022   0.42    0.08   0.50 30 0.65  824  54.2      2.54   28.0      -2.84      17.08
      2023   0.42    0.08   0.50 30 0.65  261  50.6      0.79   30.7      -2.13       9.27
      2024   0.32    0.18   0.50 30 0.65 1297  29.6     -2.36   23.0      -3.78       8.14
      2025   0.44    0.06   0.50 30 0.65  267  60.7      3.65   32.7      -0.79       4.25

  OOS pooled: trades=3,611 (516/fold)  win=46.5%  avg_ret=3.94%  ex2020=0.20%  pos_folds=5/7
    tensor 0/1326 (0s)
    tensor 200/1326 (16s)
    tensor 400/1326 (32s)
    tensor 600/1326 (47s)
    tensor 800/1326 (62s)
    tensor 1000/1326 (77s)
    tensor 1200/1326 (92s)
  tensor built in 102s

[youtube] WALK-FORWARD OOS (policy chosen on folds < Y, applied to Y):
 test_year  w_xgb  w_lstm  w_cnn  k    a   n  win%  avg_ret%  base%  rand_ret%  past_avg%
      2019   0.52    0.24   0.24 10 0.50 285  50.2      0.16   28.7      -2.36       7.11
      2020   0.36    0.42   0.22 30 0.50 555  68.8     22.96   46.0       2.45       5.49
      2021   0.22    0.60   0.18 30 0.50   1 100.0      0.81   32.5      -1.60      24.21
      2022   0.30    0.22   0.48 30 0.65  64  67.2      7.07   28.0      -2.84      18.03
      2023   0.30    0.22   0.48 30 0.65 183  56.3      1.55   30.7      -2.13      17.11
      2024   0.30    0.22   0.48 30 0.65 555  35.3     -2.06   23.0      -3.78      14.10
      2025   0.36    0.16   0.48 30 0.65   1   0.0     -4.09   32.7      -0.79       8.84

  OOS pooled: trades=1,644 (235/fold)  win=52.8%  avg_ret=7.53%  ex2020=-0.34%  pos_folds=5/7

======================================================================
[WALK-FORWARD OOS SUMMARY]
======================================================================
 variant  oos_trades  oos_win%  oos_avg_ret%  oos_ex2020%  pos_folds  n_oos_folds
baseline        3611      46.5          3.94         0.20          5            7
 youtube        1644      52.8          7.53        -0.34          5            7
