RANK-NORM leak-free WF | weights=1,326 k=[10, 20, 30] a=[0.0, 0.7, 0.8, 0.85, 0.9, 0.95] MIN_FOLD_N=30
  2019: chose w=(0.10,0.40,0.50) k=10 a=0.95 → n=257 win=41.6% ret=0.33%  (9s)
  2020: chose w=(0.50,0.00,0.50) k=20 a=0.95 → n=565 win=61.1% ret=14.95%  (26s)
  2021: chose w=(0.24,0.06,0.70) k=30 a=0.95 → n=35 win=45.7% ret=0.22%  (56s)
  2022: chose w=(0.36,0.06,0.58) k=30 a=0.95 → n=885 win=56.6% ret=2.67%  (102s)
  2023: chose w=(0.18,0.06,0.76) k=30 a=0.95 → n=205 win=42.9% ret=-0.1%  (161s)
  2024: chose w=(0.14,0.06,0.80) k=30 a=0.95 → n=1391 win=30.2% ret=-2.12%  (237s)
  2025: chose w=(0.18,0.00,0.82) k=30 a=0.95 → n=265 win=57.0% ret=3.55%  (327s)

[baseline] RANK-NORM WALK-FORWARD OOS (leak-free):
 test_year  w_xgb  w_lstm  w_cnn  k    a    n  win%  avg_ret%  base%  rand_ret%  past_avg%
      2019   0.10    0.40   0.50 10 0.95  257  41.6      0.33   28.7      -2.36       6.90
      2020   0.50    0.00   0.50 20 0.95  565  61.1     14.95   46.0       2.45       4.83
      2021   0.24    0.06   0.70 30 0.95   35  45.7      0.22   32.5      -1.60      16.99
      2022   0.36    0.06   0.58 30 0.95  885  56.6      2.67   28.0      -2.84      15.64
      2023   0.18    0.06   0.76 30 0.95  205  42.9     -0.10   30.7      -2.13       9.09
      2024   0.14    0.06   0.80 30 0.95 1391  30.2     -2.12   23.0      -3.78       7.91
      2025   0.18    0.00   0.82 30 0.95  265  57.0      3.55   32.7      -0.79       3.47

  OOS pooled: trades=3,603 (515/fold)  win=45.2%  avg_ret=2.46%  ex2020=0.14%  pos_folds=5/7
  2019: chose w=(0.18,0.58,0.24) k=10 a=0.95 → n=83 win=50.6% ret=-0.17%  (9s)
  2020: chose w=(0.44,0.52,0.04) k=20 a=0.95 → n=194 win=72.7% ret=27.41%  (26s)
  2021: chose w=(0.20,0.12,0.68) k=30 a=0.95 → n=33 win=36.4% ret=-0.35%  (57s)
  2022: chose w=(0.26,0.14,0.60) k=30 a=0.95 → n=106 win=66.0% ret=6.01%  (103s)
  2023: chose w=(0.22,0.14,0.64) k=30 a=0.95 → n=164 win=48.8% ret=0.66%  (164s)
  2024: chose w=(0.18,0.08,0.74) k=30 a=0.95 → n=398 win=36.4% ret=-1.05%  (244s)
  2025: chose w=(0.16,0.06,0.78) k=30 a=0.95 → n=0 win=nan% ret=nan%  (338s)

[youtube] RANK-NORM WALK-FORWARD OOS (leak-free):
 test_year  w_xgb  w_lstm  w_cnn  k    a   n  win%  avg_ret%  base%  rand_ret%  past_avg%
      2019   0.18    0.58   0.24 10 0.95  83  50.6     -0.17   28.7      -2.36       4.16
      2020   0.44    0.52   0.04 20 0.95 194  72.7     27.41   46.0       2.45       5.59
      2021   0.20    0.12   0.68 30 0.95  33  36.4     -0.35   32.5      -1.60      18.89
      2022   0.26    0.14   0.60 30 0.95 106  66.0      6.01   28.0      -2.84      16.41
      2023   0.22    0.14   0.64 30 0.95 164  48.8      0.66   30.7      -2.13      14.40
      2024   0.18    0.08   0.74 30 0.95 398  36.4     -1.05   23.0      -3.78      11.84
      2025   0.16    0.06   0.78 30 0.95   0   NaN       NaN   32.7      -0.79       8.42

  OOS pooled: trades=978 (163/fold)  win=50.1%  avg_ret=5.75%  ex2020=0.38%  pos_folds=3/6

======================================================================
[RANK-NORM WALK-FORWARD OOS SUMMARY]
======================================================================
 variant  oos_trades  oos_win%  oos_avg_ret%  oos_ex2020%  pos_folds  n_oos_folds
baseline        3603      45.2          2.46         0.14          5            7
 youtube         978      50.1          5.75         0.38          3            6
